0 info it worked if it ends with ok
1 verbose cli [ '/usr/local/bin/node',
1 verbose cli   '/Users/mike/Sites/emaily/node_modules/.bin/npm',
1 verbose cli   'run',
1 verbose cli   'webhook' ]
2 info using npm@3.10.10
3 info using node@v10.14.1
4 warn invalid config loglevel="notice"
5 verbose run-script [ 'prewebhook', 'webhook', 'postwebhook' ]
6 info lifecycle emaily@1.0.0~prewebhook: emaily@1.0.0
7 silly lifecycle emaily@1.0.0~prewebhook: no script for prewebhook, continuing
8 info lifecycle emaily@1.0.0~webhook: emaily@1.0.0
9 verbose lifecycle emaily@1.0.0~webhook: unsafe-perm in lifecycle true
10 verbose lifecycle emaily@1.0.0~webhook: PATH: /Users/mike/Sites/emaily/node_modules/npm/bin/node-gyp-bin:/Users/mike/Sites/emaily/node_modules/.bin:/usr/local/lib/node_modules/npm/node_modules/npm-lifecycle/node-gyp-bin:/Users/mike/Sites/emaily/node_modules/.bin:/Users/mike/bin:/usr/local/bin:/usr/local/sbin:/usr/local/bin/mysql:/Applications/MAMP/Library/bin:/Users/mike/.composer/vendor/bin:/usr/local/bin:/usr/bin:/bin:/usr/sbin:/sbin:/Users/mike/.rvm/bin
11 verbose lifecycle emaily@1.0.0~webhook: CWD: /Users/mike/Sites/emaily
12 silly lifecycle emaily@1.0.0~webhook: Args: [ '-c', './sendgrid_webhook.sh' ]
13 silly lifecycle emaily@1.0.0~webhook: Returned: code: 126  signal: null
14 info lifecycle emaily@1.0.0~webhook: Failed to exec webhook script
15 verbose stack Error: emaily@1.0.0 webhook: `./sendgrid_webhook.sh`
15 verbose stack Exit status 126
15 verbose stack     at EventEmitter.<anonymous> (/Users/mike/Sites/emaily/node_modules/npm/lib/utils/lifecycle.js:255:16)
15 verbose stack     at EventEmitter.emit (events.js:182:13)
15 verbose stack     at ChildProcess.<anonymous> (/Users/mike/Sites/emaily/node_modules/npm/lib/utils/spawn.js:40:14)
15 verbose stack     at ChildProcess.emit (events.js:182:13)
15 verbose stack     at maybeClose (internal/child_process.js:962:16)
15 verbose stack     at Process.ChildProcess._handle.onexit (internal/child_process.js:251:5)
16 verbose pkgid emaily@1.0.0
17 verbose cwd /Users/mike/Sites/emaily
18 error Darwin 18.2.0
19 error argv "/usr/local/bin/node" "/Users/mike/Sites/emaily/node_modules/.bin/npm" "run" "webhook"
20 error node v10.14.1
21 error npm  v3.10.10
22 error code ELIFECYCLE
23 error emaily@1.0.0 webhook: `./sendgrid_webhook.sh`
23 error Exit status 126
24 error Failed at the emaily@1.0.0 webhook script './sendgrid_webhook.sh'.
24 error Make sure you have the latest version of node.js and npm installed.
24 error If you do, this is most likely a problem with the emaily package,
24 error not with npm itself.
24 error Tell the author that this fails on your system:
24 error     ./sendgrid_webhook.sh
24 error You can get information on how to open an issue for this project with:
24 error     npm bugs emaily
24 error Or if that isn't available, you can get their info via:
24 error     npm owner ls emaily
24 error There is likely additional logging output above.
25 verbose exit [ 1, true ]
